<?xml version="1.0" encoding="UTF-8"?>
<!-- Generated by org.testng.reporters.JUnitXMLReporter -->
<testsuite ignored="0" hostname="LAPTOP-8RPB2MRA" failures="0" tests="3" name="Surefire test" time="6.407" errors="0" timestamp="2024-08-14T16:20:02 ICT">
  <testcase classname="TestCase" name="TC01_GetMethodParam" time="3.03"/>
  <testcase classname="TestCase" name="TC02_GetMethodMultipleParam" time="0.859"/>
  <testcase classname="TestCase" name="TC02_PostMethod" time="1.727"/>
</testsuite> <!-- Surefire test -->
